# JRE version: OpenJDK Runtime Environment (8.0_242-b01) (build 1.8.0_242-release-1644-b01)
# Java VM: OpenJDK 64-Bit Server VM (25.242-b01 mixed mode windows-amd64 compressed oops)
Heap:
 PSYoungGen      total 596480K, used 284581K [0x00000000d5580000, 0x00000000ff400000, 0x0000000100000000)
  eden space 507392K, 49% used [0x00000000d5580000,0x00000000e4b1b208,0x00000000f4500000)
  from space 89088K, 37% used [0x00000000f9980000,0x00000000fb9ce460,0x00000000ff080000)
  to   space 86528K, 0% used [0x00000000f4500000,0x00000000f4500000,0x00000000f9980000)
 ParOldGen       total 381952K, used 208631K [0x0000000080000000, 0x0000000097500000, 0x00000000d5580000)
  object space 381952K, 54% used [0x0000000080000000,0x000000008cbbde48,0x0000000097500000)
 Metaspace       used 345785K, capacity 371534K, committed 372044K, reserved 1372160K
  class space    used 44793K, capacity 49355K, committed 49524K, reserved 1048576K
GC Heap History (10 events):
Event: 7413.637 GC heap before
{Heap before GC invocations=91 (full 8):
 PSYoungGen      total 570880K, used 474914K [0x00000000d5580000, 0x00000000fec80000, 0x0000000100000000)
  eden space 461824K, 100% used [0x00000000d5580000,0x00000000f1880000,0x00000000f1880000)
  from space 109056K, 12% used [0x00000000f8200000,0x00000000f8ec8920,0x00000000fec80000)
  to   space 108032K, 0% used [0x00000000f1880000,0x00000000f1880000,0x00000000f8200000)
 ParOldGen       total 308224K, used 276164K [0x0000000080000000, 0x0000000092d00000, 0x00000000d5580000)
  object space 308224K, 89% used [0x0000000080000000,0x0000000090db1298,0x0000000092d00000)
 Metaspace       used 345751K, capacity 371462K, committed 372044K, reserved 1372160K
  class space    used 44793K, capacity 49355K, committed 49524K, reserved 1048576K
Event: 7413.782 GC heap after
Heap after GC invocations=91 (full 8):
 PSYoungGen      total 569856K, used 12317K [0x00000000d5580000, 0x00000000ff300000, 0x0000000100000000)
  eden space 461824K, 0% used [0x00000000d5580000,0x00000000d5580000,0x00000000f1880000)
  from space 108032K, 11% used [0x00000000f1880000,0x00000000f2487518,0x00000000f8200000)
  to   space 101888K, 0% used [0x00000000f8f80000,0x00000000f8f80000,0x00000000ff300000)
 ParOldGen       total 308224K, used 285303K [0x0000000080000000, 0x0000000092d00000, 0x00000000d5580000)
  object space 308224K, 92% used [0x0000000080000000,0x000000009169de60,0x0000000092d00000)
 Metaspace       used 345751K, capacity 371462K, committed 372044K, reserved 1372160K
  class space    used 44793K, capacity 49355K, committed 49524K, reserved 1048576K
}
Event: 7414.353 GC heap before
{Heap before GC invocations=92 (full 8):
 PSYoungGen      total 569856K, used 474141K [0x00000000d5580000, 0x00000000ff300000, 0x0000000100000000)
  eden space 461824K, 100% used [0x00000000d5580000,0x00000000f1880000,0x00000000f1880000)
  from space 108032K, 11% used [0x00000000f1880000,0x00000000f2487518,0x00000000f8200000)
  to   space 101888K, 0% used [0x00000000f8f80000,0x00000000f8f80000,0x00000000ff300000)
 ParOldGen       total 308224K, used 285303K [0x0000000080000000, 0x0000000092d00000, 0x00000000d5580000)
  object space 308224K, 92% used [0x0000000080000000,0x000000009169de60,0x0000000092d00000)
 Metaspace       used 345756K, capacity 371462K, committed 372044K, reserved 1372160K
  class space    used 44793K, capacity 49355K, committed 49524K, reserved 1048576K
Event: 7414.379 GC heap after
Heap after GC invocations=92 (full 8):
 PSYoungGen      total 585216K, used 10020K [0x00000000d5580000, 0x00000000fef00000, 0x0000000100000000)
  eden space 487424K, 0% used [0x00000000d5580000,0x00000000d5580000,0x00000000f3180000)
  from space 97792K, 10% used [0x00000000f8f80000,0x00000000f9949168,0x00000000fef00000)
  to   space 96256K, 0% used [0x00000000f3180000,0x00000000f3180000,0x00000000f8f80000)
 ParOldGen       total 308224K, used 292254K [0x0000000080000000, 0x0000000092d00000, 0x00000000d5580000)
  object space 308224K, 94% used [0x0000000080000000,0x0000000091d67830,0x0000000092d00000)
 Metaspace       used 345756K, capacity 371462K, committed 372044K, reserved 1372160K
  class space    used 44793K, capacity 49355K, committed 49524K, reserved 1048576K
}
Event: 7414.379 GC heap before
{Heap before GC invocations=93 (full 9):
 PSYoungGen      total 585216K, used 10020K [0x00000000d5580000, 0x00000000fef00000, 0x0000000100000000)
  eden space 487424K, 0% used [0x00000000d5580000,0x00000000d5580000,0x00000000f3180000)
  from space 97792K, 10% used [0x00000000f8f80000,0x00000000f9949168,0x00000000fef00000)
  to   space 96256K, 0% used [0x00000000f3180000,0x00000000f3180000,0x00000000f8f80000)
 ParOldGen       total 308224K, used 292254K [0x0000000080000000, 0x0000000092d00000, 0x00000000d5580000)
  object space 308224K, 94% used [0x0000000080000000,0x0000000091d67830,0x0000000092d00000)
 Metaspace       used 345756K, capacity 371462K, committed 372044K, reserved 1372160K
  class space    used 44793K, capacity 49355K, committed 49524K, reserved 1048576K
Event: 7414.812 GC heap after
Heap after GC invocations=93 (full 9):
 PSYoungGen      total 585216K, used 0K [0x00000000d5580000, 0x00000000fef00000, 0x0000000100000000)
  eden space 487424K, 0% used [0x00000000d5580000,0x00000000d5580000,0x00000000f3180000)
  from space 97792K, 0% used [0x00000000f8f80000,0x00000000f8f80000,0x00000000fef00000)
  to   space 96256K, 0% used [0x00000000f3180000,0x00000000f3180000,0x00000000f8f80000)
 ParOldGen       total 381952K, used 199469K [0x0000000080000000, 0x0000000097500000, 0x00000000d5580000)
  object space 381952K, 52% used [0x0000000080000000,0x000000008c2cb4a0,0x0000000097500000)
 Metaspace       used 345756K, capacity 371462K, committed 372044K, reserved 1372160K
  class space    used 44793K, capacity 49355K, committed 49524K, reserved 1048576K
}
Event: 7415.608 GC heap before
{Heap before GC invocations=94 (full 9):
 PSYoungGen      total 585216K, used 487424K [0x00000000d5580000, 0x00000000fef00000, 0x0000000100000000)
  eden space 487424K, 100% used [0x00000000d5580000,0x00000000f3180000,0x00000000f3180000)
  from space 97792K, 0% used [0x00000000f8f80000,0x00000000f8f80000,0x00000000fef00000)
  to   space 96256K, 0% used [0x00000000f3180000,0x00000000f3180000,0x00000000f8f80000)
 ParOldGen       total 381952K, used 199469K [0x0000000080000000, 0x0000000097500000, 0x00000000d5580000)
  object space 381952K, 52% used [0x0000000080000000,0x000000008c2cb4a0,0x0000000097500000)
 Metaspace       used 345766K, capacity 371526K, committed 372044K, reserved 1372160K
  class space    used 44793K, capacity 49355K, committed 49524K, reserved 1048576K
Event: 7415.746 GC heap after
Heap after GC invocations=94 (full 9):
 PSYoungGen      total 583680K, used 21149K [0x00000000d5580000, 0x00000000ff080000, 0x0000000100000000)
  eden space 487424K, 0% used [0x00000000d5580000,0x00000000d5580000,0x00000000f3180000)
  from space 96256K, 21% used [0x00000000f3180000,0x00000000f4627418,0x00000000f8f80000)
  to   space 89088K, 0% used [0x00000000f9980000,0x00000000f9980000,0x00000000ff080000)
 ParOldGen       total 381952K, used 199469K [0x0000000080000000, 0x0000000097500000, 0x00000000d5580000)
  object space 381952K, 52% used [0x0000000080000000,0x000000008c2cb4a0,0x0000000097500000)
 Metaspace       used 345766K, capacity 371526K, committed 372044K, reserved 1372160K
  class space    used 44793K, capacity 49355K, committed 49524K, reserved 1048576K
}
Event: 7416.273 GC heap before
{Heap before GC invocations=95 (full 9):
 PSYoungGen      total 583680K, used 508573K [0x00000000d5580000, 0x00000000ff080000, 0x0000000100000000)
  eden space 487424K, 100% used [0x00000000d5580000,0x00000000f3180000,0x00000000f3180000)
  from space 96256K, 21% used [0x00000000f3180000,0x00000000f4627418,0x00000000f8f80000)
  to   space 89088K, 0% used [0x00000000f9980000,0x00000000f9980000,0x00000000ff080000)
 ParOldGen       total 381952K, used 199469K [0x0000000080000000, 0x0000000097500000, 0x00000000d5580000)
  object space 381952K, 52% used [0x0000000080000000,0x000000008c2cb4a0,0x0000000097500000)
 Metaspace       used 345774K, capacity 371526K, committed 372044K, reserved 1372160K
  class space    used 44793K, capacity 49355K, committed 49524K, reserved 1048576K
Event: 7416.314 GC heap after
Heap after GC invocations=95 (full 9):
 PSYoungGen      total 596480K, used 33081K [0x00000000d5580000, 0x00000000ff400000, 0x0000000100000000)
  eden space 507392K, 0% used [0x00000000d5580000,0x00000000d5580000,0x00000000f4500000)
  from space 89088K, 37% used [0x00000000f9980000,0x00000000fb9ce460,0x00000000ff080000)
  to   space 86528K, 0% used [0x00000000f4500000,0x00000000f4500000,0x00000000f9980000)
 ParOldGen       total 381952K, used 208631K [0x0000000080000000, 0x0000000097500000, 0x00000000d5580000)
  object space 381952K, 54% used [0x0000000080000000,0x000000008cbbde48,0x0000000097500000)
 Metaspace       used 345774K, capacity 371526K, committed 372044K, reserved 1372160K
  class space    used 44793K, capacity 49355K, committed 49524K, reserved 1048576K
}

